[Sun Oct 09 16:59:55.705281 2022] [ssl:warn] [pid 19224:tid 100] AH10235: SSLRandomSeed is deprecated and has no effect with OpenSSL 1.1.1 and later
[Sun Oct 09 16:59:55.705281 2022] [ssl:warn] [pid 19224:tid 100] AH10235: SSLRandomSeed is deprecated and has no effect with OpenSSL 1.1.1 and later
un Oct 09 16:59:55.532124 2022] [ssl:warn] [pid 14808:tid 96] AH01873: Init: Session Cache is not configured [hint: SSLSessionCache]
[Sun Oct 09 16:59:55.533118 2022] [mpm_winnt:notice] [pid 14808:tid 96] AH00455: Apache/2.5.1-dev (Win64) OpenSSL/1.1.1p configured -- resuming normal operations
[Sun Oct 09 16:59:55.533118 2022] [mpm_winnt:notice] [pid 14808:tid 96] AH00456: Server built: Oct  9 2022 15:34:06
[Sun Oct 09 16:59:55.533118 2022] [core:notice] [pid 14808:tid 96] AH00094: Command line: 'httpd -d D:/httpd-code/httpd-release'
[Sun Oct 09 16:59:55.536114 2022] [mpm_winnt:notice] [pid 14808:tid 96] AH00418: Parent: Created child process 19224
[Sun Oct 09 16:59:55.694302 2022] [ssl:warn] [pid 19224:tid 100] AH10235: SSLRandomSeed is deprecated and has no effect with OpenSSL 1.1.1 and later
[Sun Oct 09 16:59:55.694302 2022] [ssl:warn] [pid 19224:tid 100] AH10235: SSLRandomSeed is deprecated and has no effect with OpenSSL 1.1.1 and later
Apache server interrupted...
022] [ssl:warn] [pid 19224:tid 100] AH01873: Init: Session Cache is not configured [hint: SSLSessionCache]
[Sun Oct 09 16:59:55.710271 2022] [mpm_winnt:notice] [pid 19224:tid 100] AH00354: Child: Starting 64 worker threads.
[Sun Oct 09 17:00:49.587478 2022] [mpm_winnt:notice] [pid 14808:tid 96] AH00422: Parent: Received shutdown signal -- Shutting down the server.
[Sun Oct 09 17:00:50.589577 2022] [mpm_winnt:notice] [pid 19224:tid 100] AH00362: Child: Waiting 60 more seconds for 64 worker threads to finish.
[Sun Oct 09 17:00:50.593599 2022] [mpm_winnt:notice] [pid 19224:tid 100] AH00364: Child: All worker threads have exited.
[Sun Oct 09 17:00:50.631045 2022] [mpm_winnt:notice] [pid 14808:tid 96] AH00430: Parent: Child process 19224 exited successfully.
[Sun Oct 09 17:00:53.436326 2022] [ssl:warn] [pid 184:tid 100] AH01873: Init: Session Cache is not configured [hint: SSLSessionCache]
[Sun Oct 09 17:00:53.437325 2022] [mpm_winnt:notice] [pid 184:tid 100] AH00455: Apache/2.5.1-dev (Win64) OpenSSL/1.1.1p configured -- resuming normal operations
[Sun Oct 09 17:00:53.437325 2022] [mpm_winnt:notice] [pid 184:tid 100] AH00456: Server built: Oct  9 2022 15:34:06
[Sun Oct 09 17:00:53.437325 2022] [core:notice] [pid 184:tid 100] AH00094: Command line: 'httpd -d D:/httpd-code/httpd-release'
[Sun Oct 09 17:00:53.440318 2022] [mpm_winnt:notice] [pid 184:tid 100] AH00418: Parent: Created child process 18460
Apache server shutdown initiated...
sl:warn] [pid 18460:tid 164] AH01873: Init: Session Cache is not configured [hint: SSLSessionCache]
[Sun Oct 09 17:00:53.472254 2022] [mpm_winnt:notice] [pid 18460:tid 164] AH00354: Child: Starting 64 worker threads.
[Sun Oct 09 17:00:59.545933 2022] [mpm_winnt:notice] [pid 184:tid 100] AH00422: Parent: Received shutdown signal -- Shutting down the server.
[Sun Oct 09 17:01:00.547958 2022] [mpm_winnt:notice] [pid 18460:tid 164] AH00362: Child: Waiting 60 more seconds for 64 worker threads to finish.
[Sun Oct 09 17:01:00.555844 2022] [mpm_winnt:notice] [pid 18460:tid 164] AH00364: Child: All worker threads have exited.
[Sun Oct 09 17:01:00.608147 2022] [mpm_winnt:notice] [pid 184:tid 100] AH00430: Parent: Child process 18460 exited successfully.
[Sun Oct 09 17:02:14.725554 2022] [ssl:warn] [pid 18564:tid 388] AH01873: Init: Session Cache is not configured [hint: SSLSessionCache]
[Sun Oct 09 17:02:14.726555 2022] [mpm_winnt:notice] [pid 18564:tid 388] AH00455: Apache/2.5.1-dev (Win64) OpenSSL/1.1.1p configured -- resuming normal operations
[Sun Oct 09 17:02:14.726555 2022] [mpm_winnt:notice] [pid 18564:tid 388] AH00456: Server built: Oct  9 2022 15:34:06
[Sun Oct 09 17:02:14.726555 2022] [core:notice] [pid 18564:tid 388] AH00094: Command line: 'httpd -d D:/httpd-code/httpd-release'
[Sun Oct 09 17:02:14.728555 2022] [mpm_winnt:notice] [pid 18564:tid 388] AH00418: Parent: Created child process 2032
Apache server interrupted...
022] [ssl:warn] [pid 2032:tid 356] AH01873: Init: Session Cache is not configured [hint: SSLSessionCache]
[Sun Oct 09 17:02:14.763555 2022] [mpm_winnt:notice] [pid 2032:tid 356] AH00354: Child: Starting 64 worker threads.
[Sun Oct 09 17:02:19.737187 2022] [mpm_winnt:notice] [pid 18564:tid 388] AH00422: Parent: Received shutdown signal -- Shutting down the server.
Apache server interrupted...
[Sun Oct 09 17:02:20.752159 2022] [mpm_winnt:notice] [pid 2032:tid 356] AH00362: Child: Waiting 60 more seconds for 64 worker threads to finish.
[Sun Oct 09 17:02:20.760173 2022] [mpm_winnt:notice] [pid 2032:tid 356] AH00364: Child: All worker threads have exited.
[Sun Oct 09 17:02:20.814962 2022] [mpm_winnt:notice] [pid 18564:tid 388] AH00430: Parent: Child process 2032 exited successfully.
